<?xml version="1.0" encoding="UTF-8"?>
<testsuite name="org.generation.webproject.WebprojectApplicationTests" tests="1" skipped="0" failures="0" errors="0" timestamp="2022-03-11T09:16:47" hostname="Terences-MBP.local" time="0.005">
  <properties/>
  <testcase name="contextLoads()" classname="org.generation.webproject.WebprojectApplicationTests" time="0.005"/>
  <system-out><![CDATA[2022-03-11 17:16:47.160  INFO 5065 --- [    Test worker] .b.t.c.SpringBootTestContextBootstrapper : Neither @ContextConfiguration nor @ContextHierarchy found for test class [org.generation.webproject.WebprojectApplicationTests], using SpringBootContextLoader
2022-03-11 17:16:47.161  INFO 5065 --- [    Test worker] o.s.t.c.support.AbstractContextLoader    : Could not detect default resource locations for test class [org.generation.webproject.WebprojectApplicationTests]: no resource found for suffixes {-context.xml, Context.groovy}.
2022-03-11 17:16:47.162  INFO 5065 --- [    Test worker] t.c.s.AnnotationConfigContextLoaderUtils : Could not detect default configuration classes for test class [org.generation.webproject.WebprojectApplicationTests]: WebprojectApplicationTests does not declare any static, non-private, non-final, nested classes annotated with @Configuration.
2022-03-11 17:16:47.164  INFO 5065 --- [    Test worker] .b.t.c.SpringBootTestContextBootstrapper : Found @SpringBootConfiguration org.generation.webproject.WebprojectApplication for test class org.generation.webproject.WebprojectApplicationTests
2022-03-11 17:16:47.166  INFO 5065 --- [    Test worker] .b.t.c.SpringBootTestContextBootstrapper : Loaded default TestExecutionListener class names from location [META-INF/spring.factories]: [org.springframework.boot.test.autoconfigure.restdocs.RestDocsTestExecutionListener, org.springframework.boot.test.autoconfigure.web.client.MockRestServiceServerResetTestExecutionListener, org.springframework.boot.test.autoconfigure.web.servlet.MockMvcPrintOnlyOnFailureTestExecutionListener, org.springframework.boot.test.autoconfigure.web.servlet.WebDriverTestExecutionListener, org.springframework.boot.test.autoconfigure.webservices.client.MockWebServiceServerTestExecutionListener, org.springframework.boot.test.mock.mockito.MockitoTestExecutionListener, org.springframework.boot.test.mock.mockito.ResetMocksTestExecutionListener, org.springframework.test.context.web.ServletTestExecutionListener, org.springframework.test.context.support.DirtiesContextBeforeModesTestExecutionListener, org.springframework.test.context.event.ApplicationEventsTestExecutionListener, org.springframework.test.context.support.DependencyInjectionTestExecutionListener, org.springframework.test.context.support.DirtiesContextTestExecutionListener, org.springframework.test.context.transaction.TransactionalTestExecutionListener, org.springframework.test.context.jdbc.SqlScriptsTestExecutionListener, org.springframework.test.context.event.EventPublishingTestExecutionListener]
2022-03-11 17:16:47.167  INFO 5065 --- [    Test worker] .b.t.c.SpringBootTestContextBootstrapper : Using TestExecutionListeners: [org.springframework.test.context.web.ServletTestExecutionListener@22decfa2, org.springframework.test.context.support.DirtiesContextBeforeModesTestExecutionListener@3aae9e8f, org.springframework.test.context.event.ApplicationEventsTestExecutionListener@2086f336, org.springframework.boot.test.mock.mockito.MockitoTestExecutionListener@19a799cb, org.springframework.boot.test.autoconfigure.SpringBootDependencyInjectionTestExecutionListener@4d50f682, org.springframework.test.context.support.DirtiesContextTestExecutionListener@3445341, org.springframework.test.context.transaction.TransactionalTestExecutionListener@14cc1f5c, org.springframework.test.context.jdbc.SqlScriptsTestExecutionListener@3100b5cf, org.springframework.test.context.event.EventPublishingTestExecutionListener@7baea18b, org.springframework.boot.test.autoconfigure.restdocs.RestDocsTestExecutionListener@5ad13be4, org.springframework.boot.test.autoconfigure.web.client.MockRestServiceServerResetTestExecutionListener@2e93f91d, org.springframework.boot.test.autoconfigure.web.servlet.MockMvcPrintOnlyOnFailureTestExecutionListener@1a899fcd, org.springframework.boot.test.autoconfigure.web.servlet.WebDriverTestExecutionListener@14a5d7ee, org.springframework.boot.test.autoconfigure.webservices.client.MockWebServiceServerTestExecutionListener@4778c085, org.springframework.boot.test.mock.mockito.ResetMocksTestExecutionListener@76929266]
]]></system-out>
  <system-err><![CDATA[]]></system-err>
</testsuite>
