<?xml version="1.0" encoding="UTF-8"?>
<testsuite name="org.generation.webproject.ItemServiceMySQLTest" tests="1" skipped="0" failures="0" errors="0" timestamp="2022-03-11T08:36:50" hostname="Terences-MBP.local" time="0.009">
  <properties/>
  <testcase name="saveCallsItemsRepositorySave()" classname="org.generation.webproject.ItemServiceMySQLTest" time="0.009"/>
  <system-out><![CDATA[2022-03-11 16:36:50.356  INFO 3608 --- [    Test worker] .b.t.c.SpringBootTestContextBootstrapper : Neither @ContextConfiguration nor @ContextHierarchy found for test class [org.generation.webproject.ItemServiceMySQLTest], using SpringBootContextLoader
2022-03-11 16:36:50.359  INFO 3608 --- [    Test worker] o.s.t.c.support.AbstractContextLoader    : Could not detect default resource locations for test class [org.generation.webproject.ItemServiceMySQLTest]: no resource found for suffixes {-context.xml, Context.groovy}.
2022-03-11 16:36:50.359  INFO 3608 --- [    Test worker] t.c.s.AnnotationConfigContextLoaderUtils : Could not detect default configuration classes for test class [org.generation.webproject.ItemServiceMySQLTest]: ItemServiceMySQLTest does not declare any static, non-private, non-final, nested classes annotated with @Configuration.
2022-03-11 16:36:50.363  INFO 3608 --- [    Test worker] .b.t.c.SpringBootTestContextBootstrapper : Found @SpringBootConfiguration org.generation.webproject.WebprojectApplication for test class org.generation.webproject.ItemServiceMySQLTest
2022-03-11 16:36:50.366  INFO 3608 --- [    Test worker] .b.t.c.SpringBootTestContextBootstrapper : Loaded default TestExecutionListener class names from location [META-INF/spring.factories]: [org.springframework.boot.test.autoconfigure.restdocs.RestDocsTestExecutionListener, org.springframework.boot.test.autoconfigure.web.client.MockRestServiceServerResetTestExecutionListener, org.springframework.boot.test.autoconfigure.web.servlet.MockMvcPrintOnlyOnFailureTestExecutionListener, org.springframework.boot.test.autoconfigure.web.servlet.WebDriverTestExecutionListener, org.springframework.boot.test.autoconfigure.webservices.client.MockWebServiceServerTestExecutionListener, org.springframework.boot.test.mock.mockito.MockitoTestExecutionListener, org.springframework.boot.test.mock.mockito.ResetMocksTestExecutionListener, org.springframework.test.context.web.ServletTestExecutionListener, org.springframework.test.context.support.DirtiesContextBeforeModesTestExecutionListener, org.springframework.test.context.event.ApplicationEventsTestExecutionListener, org.springframework.test.context.support.DependencyInjectionTestExecutionListener, org.springframework.test.context.support.DirtiesContextTestExecutionListener, org.springframework.test.context.transaction.TransactionalTestExecutionListener, org.springframework.test.context.jdbc.SqlScriptsTestExecutionListener, org.springframework.test.context.event.EventPublishingTestExecutionListener]
2022-03-11 16:36:50.366  INFO 3608 --- [    Test worker] .b.t.c.SpringBootTestContextBootstrapper : Using TestExecutionListeners: [org.springframework.test.context.web.ServletTestExecutionListener@19439ec4, org.springframework.test.context.support.DirtiesContextBeforeModesTestExecutionListener@6f53f5a4, org.springframework.test.context.event.ApplicationEventsTestExecutionListener@21ebf9be, org.springframework.boot.test.mock.mockito.MockitoTestExecutionListener@7d50b4c4, org.springframework.boot.test.autoconfigure.SpringBootDependencyInjectionTestExecutionListener@7860a014, org.springframework.test.context.support.DirtiesContextTestExecutionListener@86e8469, org.springframework.test.context.transaction.TransactionalTestExecutionListener@76b6bad3, org.springframework.test.context.jdbc.SqlScriptsTestExecutionListener@e38d655, org.springframework.test.context.event.EventPublishingTestExecutionListener@7325b786, org.springframework.boot.test.autoconfigure.restdocs.RestDocsTestExecutionListener@f943847, org.springframework.boot.test.autoconfigure.web.client.MockRestServiceServerResetTestExecutionListener@4c376b44, org.springframework.boot.test.autoconfigure.web.servlet.MockMvcPrintOnlyOnFailureTestExecutionListener@47596e9, org.springframework.boot.test.autoconfigure.web.servlet.WebDriverTestExecutionListener@5ab29866, org.springframework.boot.test.autoconfigure.webservices.client.MockWebServiceServerTestExecutionListener@74cad577, org.springframework.boot.test.mock.mockito.ResetMocksTestExecutionListener@350ede1]
]]></system-out>
  <system-err><![CDATA[]]></system-err>
</testsuite>
