<?xml version="1.0" encoding="UTF-8"?>
<testsuite name="org.generation.webproject.ItemServiceMySQLTest" tests="1" skipped="0" failures="0" errors="0" timestamp="2022-03-11T09:16:47" hostname="Terences-MBP.local" time="0.01">
  <properties/>
  <testcase name="saveCallsItemsRepositorySave()" classname="org.generation.webproject.ItemServiceMySQLTest" time="0.01"/>
  <system-out><![CDATA[2022-03-11 17:16:46.971  INFO 5065 --- [    Test worker] .b.t.c.SpringBootTestContextBootstrapper : Neither @ContextConfiguration nor @ContextHierarchy found for test class [org.generation.webproject.ItemServiceMySQLTest], using SpringBootContextLoader
2022-03-11 17:16:46.975  INFO 5065 --- [    Test worker] o.s.t.c.support.AbstractContextLoader    : Could not detect default resource locations for test class [org.generation.webproject.ItemServiceMySQLTest]: no resource found for suffixes {-context.xml, Context.groovy}.
2022-03-11 17:16:46.975  INFO 5065 --- [    Test worker] t.c.s.AnnotationConfigContextLoaderUtils : Could not detect default configuration classes for test class [org.generation.webproject.ItemServiceMySQLTest]: ItemServiceMySQLTest does not declare any static, non-private, non-final, nested classes annotated with @Configuration.
2022-03-11 17:16:46.981  INFO 5065 --- [    Test worker] .b.t.c.SpringBootTestContextBootstrapper : Found @SpringBootConfiguration org.generation.webproject.WebprojectApplication for test class org.generation.webproject.ItemServiceMySQLTest
2022-03-11 17:16:46.984  INFO 5065 --- [    Test worker] .b.t.c.SpringBootTestContextBootstrapper : Loaded default TestExecutionListener class names from location [META-INF/spring.factories]: [org.springframework.boot.test.autoconfigure.restdocs.RestDocsTestExecutionListener, org.springframework.boot.test.autoconfigure.web.client.MockRestServiceServerResetTestExecutionListener, org.springframework.boot.test.autoconfigure.web.servlet.MockMvcPrintOnlyOnFailureTestExecutionListener, org.springframework.boot.test.autoconfigure.web.servlet.WebDriverTestExecutionListener, org.springframework.boot.test.autoconfigure.webservices.client.MockWebServiceServerTestExecutionListener, org.springframework.boot.test.mock.mockito.MockitoTestExecutionListener, org.springframework.boot.test.mock.mockito.ResetMocksTestExecutionListener, org.springframework.test.context.web.ServletTestExecutionListener, org.springframework.test.context.support.DirtiesContextBeforeModesTestExecutionListener, org.springframework.test.context.event.ApplicationEventsTestExecutionListener, org.springframework.test.context.support.DependencyInjectionTestExecutionListener, org.springframework.test.context.support.DirtiesContextTestExecutionListener, org.springframework.test.context.transaction.TransactionalTestExecutionListener, org.springframework.test.context.jdbc.SqlScriptsTestExecutionListener, org.springframework.test.context.event.EventPublishingTestExecutionListener]
2022-03-11 17:16:46.985  INFO 5065 --- [    Test worker] .b.t.c.SpringBootTestContextBootstrapper : Using TestExecutionListeners: [org.springframework.test.context.web.ServletTestExecutionListener@7860a014, org.springframework.test.context.support.DirtiesContextBeforeModesTestExecutionListener@86e8469, org.springframework.test.context.event.ApplicationEventsTestExecutionListener@76b6bad3, org.springframework.boot.test.mock.mockito.MockitoTestExecutionListener@e38d655, org.springframework.boot.test.autoconfigure.SpringBootDependencyInjectionTestExecutionListener@7325b786, org.springframework.test.context.support.DirtiesContextTestExecutionListener@f943847, org.springframework.test.context.transaction.TransactionalTestExecutionListener@4c376b44, org.springframework.test.context.jdbc.SqlScriptsTestExecutionListener@47596e9, org.springframework.test.context.event.EventPublishingTestExecutionListener@5ab29866, org.springframework.boot.test.autoconfigure.restdocs.RestDocsTestExecutionListener@74cad577, org.springframework.boot.test.autoconfigure.web.client.MockRestServiceServerResetTestExecutionListener@350ede1, org.springframework.boot.test.autoconfigure.web.servlet.MockMvcPrintOnlyOnFailureTestExecutionListener@2bbaf1bc, org.springframework.boot.test.autoconfigure.web.servlet.WebDriverTestExecutionListener@65852d05, org.springframework.boot.test.autoconfigure.webservices.client.MockWebServiceServerTestExecutionListener@47462daf, org.springframework.boot.test.mock.mockito.ResetMocksTestExecutionListener@43fdef43]
]]></system-out>
  <system-err><![CDATA[]]></system-err>
</testsuite>
