<?xml version="1.0" encoding="UTF-8"?>
<testsuite name="org.generation.webproject.ItemControllerTest" tests="3" skipped="0" failures="0" errors="0" timestamp="2022-03-11T09:16:46" hostname="Terences-MBP.local" time="0.068">
  <properties/>
  <testcase name="findItemService()" classname="org.generation.webproject.ItemControllerTest" time="0.055"/>
  <testcase name="listItemService()" classname="org.generation.webproject.ItemControllerTest" time="0.006"/>
  <testcase name="deleteItemService()" classname="org.generation.webproject.ItemControllerTest" time="0.005"/>
  <system-out><![CDATA[17:16:42.849 [Test worker] DEBUG org.springframework.test.context.BootstrapUtils - Instantiating CacheAwareContextLoaderDelegate from class [org.springframework.test.context.cache.DefaultCacheAwareContextLoaderDelegate]
17:16:42.858 [Test worker] DEBUG org.springframework.test.context.BootstrapUtils - Instantiating BootstrapContext using constructor [public org.springframework.test.context.support.DefaultBootstrapContext(java.lang.Class,org.springframework.test.context.CacheAwareContextLoaderDelegate)]
17:16:42.878 [Test worker] DEBUG org.springframework.test.context.BootstrapUtils - Instantiating TestContextBootstrapper for test class [org.generation.webproject.ItemControllerTest] from class [org.springframework.boot.test.context.SpringBootTestContextBootstrapper]
17:16:42.892 [Test worker] INFO org.springframework.boot.test.context.SpringBootTestContextBootstrapper - Neither @ContextConfiguration nor @ContextHierarchy found for test class [org.generation.webproject.ItemControllerTest], using SpringBootContextLoader
17:16:42.896 [Test worker] DEBUG org.springframework.test.context.support.AbstractContextLoader - Did not detect default resource location for test class [org.generation.webproject.ItemControllerTest]: class path resource [org/generation/webproject/ItemControllerTest-context.xml] does not exist
17:16:42.897 [Test worker] DEBUG org.springframework.test.context.support.AbstractContextLoader - Did not detect default resource location for test class [org.generation.webproject.ItemControllerTest]: class path resource [org/generation/webproject/ItemControllerTestContext.groovy] does not exist
17:16:42.897 [Test worker] INFO org.springframework.test.context.support.AbstractContextLoader - Could not detect default resource locations for test class [org.generation.webproject.ItemControllerTest]: no resource found for suffixes {-context.xml, Context.groovy}.
17:16:42.898 [Test worker] INFO org.springframework.test.context.support.AnnotationConfigContextLoaderUtils - Could not detect default configuration classes for test class [org.generation.webproject.ItemControllerTest]: ItemControllerTest does not declare any static, non-private, non-final, nested classes annotated with @Configuration.
17:16:42.962 [Test worker] DEBUG org.springframework.test.context.support.ActiveProfilesUtils - Could not find an 'annotation declaring class' for annotation type [org.springframework.test.context.ActiveProfiles] and class [org.generation.webproject.ItemControllerTest]
17:16:43.022 [Test worker] DEBUG org.springframework.context.annotation.ClassPathScanningCandidateComponentProvider - Identified candidate component class: file [/Users/shermaine/Desktop/webproject/build/classes/java/main/org/generation/webproject/WebprojectApplication.class]
17:16:43.023 [Test worker] INFO org.springframework.boot.test.context.SpringBootTestContextBootstrapper - Found @SpringBootConfiguration org.generation.webproject.WebprojectApplication for test class org.generation.webproject.ItemControllerTest
17:16:43.090 [Test worker] DEBUG org.springframework.boot.test.context.SpringBootTestContextBootstrapper - @TestExecutionListeners is not present for class [org.generation.webproject.ItemControllerTest]: using defaults.
17:16:43.091 [Test worker] INFO org.springframework.boot.test.context.SpringBootTestContextBootstrapper - Loaded default TestExecutionListener class names from location [META-INF/spring.factories]: [org.springframework.boot.test.autoconfigure.restdocs.RestDocsTestExecutionListener, org.springframework.boot.test.autoconfigure.web.client.MockRestServiceServerResetTestExecutionListener, org.springframework.boot.test.autoconfigure.web.servlet.MockMvcPrintOnlyOnFailureTestExecutionListener, org.springframework.boot.test.autoconfigure.web.servlet.WebDriverTestExecutionListener, org.springframework.boot.test.autoconfigure.webservices.client.MockWebServiceServerTestExecutionListener, org.springframework.boot.test.mock.mockito.MockitoTestExecutionListener, org.springframework.boot.test.mock.mockito.ResetMocksTestExecutionListener, org.springframework.test.context.web.ServletTestExecutionListener, org.springframework.test.context.support.DirtiesContextBeforeModesTestExecutionListener, org.springframework.test.context.event.ApplicationEventsTestExecutionListener, org.springframework.test.context.support.DependencyInjectionTestExecutionListener, org.springframework.test.context.support.DirtiesContextTestExecutionListener, org.springframework.test.context.transaction.TransactionalTestExecutionListener, org.springframework.test.context.jdbc.SqlScriptsTestExecutionListener, org.springframework.test.context.event.EventPublishingTestExecutionListener]
17:16:43.104 [Test worker] INFO org.springframework.boot.test.context.SpringBootTestContextBootstrapper - Using TestExecutionListeners: [org.springframework.test.context.web.ServletTestExecutionListener@6111ba37, org.springframework.test.context.support.DirtiesContextBeforeModesTestExecutionListener@7be58f16, org.springframework.test.context.event.ApplicationEventsTestExecutionListener@242aa8d9, org.springframework.boot.test.mock.mockito.MockitoTestExecutionListener@5b11a194, org.springframework.boot.test.autoconfigure.SpringBootDependencyInjectionTestExecutionListener@37bd68c3, org.springframework.test.context.support.DirtiesContextTestExecutionListener@60f7cc1d, org.springframework.test.context.transaction.TransactionalTestExecutionListener@11eadcba, org.springframework.test.context.jdbc.SqlScriptsTestExecutionListener@4721d212, org.springframework.test.context.event.EventPublishingTestExecutionListener@1b065145, org.springframework.boot.test.autoconfigure.restdocs.RestDocsTestExecutionListener@45cff11c, org.springframework.boot.test.autoconfigure.web.client.MockRestServiceServerResetTestExecutionListener@207ea13, org.springframework.boot.test.autoconfigure.web.servlet.MockMvcPrintOnlyOnFailureTestExecutionListener@4bff1903, org.springframework.boot.test.autoconfigure.web.servlet.WebDriverTestExecutionListener@62dae540, org.springframework.boot.test.autoconfigure.webservices.client.MockWebServiceServerTestExecutionListener@5827af16, org.springframework.boot.test.mock.mockito.ResetMocksTestExecutionListener@654d8173]

  .   ____          _            __ _ _
 /\\ / ___'_ __ _ _(_)_ __  __ _ \ \ \ \
( ( )\___ | '_ | '_| | '_ \/ _` | \ \ \ \
 \\/  ___)| |_)| | | | | || (_| |  ) ) ) )
  '  |____| .__|_| |_|_| |_\__, | / / / /
 =========|_|==============|___/=/_/_/_/
 :: Spring Boot ::                (v2.6.4)

2022-03-11 17:16:43.319  INFO 5065 --- [    Test worker] o.g.webproject.ItemControllerTest        : Starting ItemControllerTest using Java 17.0.2 on Terences-MBP.local with PID 5065 (started by shermaine in /Users/shermaine/Desktop/webproject)
2022-03-11 17:16:43.320  INFO 5065 --- [    Test worker] o.g.webproject.ItemControllerTest        : No active profile set, falling back to 1 default profile: "default"
2022-03-11 17:16:43.834  INFO 5065 --- [    Test worker] .s.d.r.c.RepositoryConfigurationDelegate : Bootstrapping Spring Data JPA repositories in DEFAULT mode.
2022-03-11 17:16:43.876  INFO 5065 --- [    Test worker] .s.d.r.c.RepositoryConfigurationDelegate : Finished Spring Data repository scanning in 35 ms. Found 1 JPA repository interfaces.
2022-03-11 17:16:44.284  INFO 5065 --- [    Test worker] com.zaxxer.hikari.HikariDataSource       : HikariPool-1 - Starting...
2022-03-11 17:16:44.545  INFO 5065 --- [    Test worker] com.zaxxer.hikari.HikariDataSource       : HikariPool-1 - Start completed.
2022-03-11 17:16:44.607  INFO 5065 --- [    Test worker] o.hibernate.jpa.internal.util.LogHelper  : HHH000204: Processing PersistenceUnitInfo [name: default]
2022-03-11 17:16:44.647  INFO 5065 --- [    Test worker] org.hibernate.Version                    : HHH000412: Hibernate ORM core version 5.6.5.Final
2022-03-11 17:16:44.792  INFO 5065 --- [    Test worker] o.hibernate.annotations.common.Version   : HCANN000001: Hibernate Commons Annotations {5.1.2.Final}
2022-03-11 17:16:44.888  INFO 5065 --- [    Test worker] org.hibernate.dialect.Dialect            : HHH000400: Using dialect: org.hibernate.dialect.MySQL8Dialect
2022-03-11 17:16:45.285  INFO 5065 --- [    Test worker] o.h.e.t.j.p.i.JtaPlatformInitiator       : HHH000490: Using JtaPlatform implementation: [org.hibernate.engine.transaction.jta.platform.internal.NoJtaPlatform]
2022-03-11 17:16:45.292  INFO 5065 --- [    Test worker] j.LocalContainerEntityManagerFactoryBean : Initialized JPA EntityManagerFactory for persistence unit 'default'
2022-03-11 17:16:45.523  WARN 5065 --- [    Test worker] JpaBaseConfiguration$JpaWebConfiguration : spring.jpa.open-in-view is enabled by default. Therefore, database queries may be performed during view rendering. Explicitly configure spring.jpa.open-in-view to disable this warning
2022-03-11 17:16:45.728  INFO 5065 --- [    Test worker] o.s.s.web.DefaultSecurityFilterChain     : Will not secure any request
2022-03-11 17:16:46.079  INFO 5065 --- [    Test worker] o.s.b.a.w.s.WelcomePageHandlerMapping    : Adding welcome page template: index
2022-03-11 17:16:46.306  INFO 5065 --- [    Test worker] o.g.webproject.ItemControllerTest        : Started ItemControllerTest in 3.179 seconds (JVM running for 4.267)
]]></system-out>
  <system-err><![CDATA[]]></system-err>
</testsuite>
