<?xml version="1.0" encoding="UTF-8"?>
<testsuite name="org.generation.webproject.WebprojectApplicationTests" tests="1" skipped="0" failures="0" errors="0" timestamp="2022-03-11T08:36:50" hostname="Terences-MBP.local" time="0.007">
  <properties/>
  <testcase name="contextLoads()" classname="org.generation.webproject.WebprojectApplicationTests" time="0.007"/>
  <system-out><![CDATA[2022-03-11 16:36:50.534  INFO 3608 --- [    Test worker] .b.t.c.SpringBootTestContextBootstrapper : Neither @ContextConfiguration nor @ContextHierarchy found for test class [org.generation.webproject.WebprojectApplicationTests], using SpringBootContextLoader
2022-03-11 16:36:50.537  INFO 3608 --- [    Test worker] o.s.t.c.support.AbstractContextLoader    : Could not detect default resource locations for test class [org.generation.webproject.WebprojectApplicationTests]: no resource found for suffixes {-context.xml, Context.groovy}.
2022-03-11 16:36:50.537  INFO 3608 --- [    Test worker] t.c.s.AnnotationConfigContextLoaderUtils : Could not detect default configuration classes for test class [org.generation.webproject.WebprojectApplicationTests]: WebprojectApplicationTests does not declare any static, non-private, non-final, nested classes annotated with @Configuration.
2022-03-11 16:36:50.540  INFO 3608 --- [    Test worker] .b.t.c.SpringBootTestContextBootstrapper : Found @SpringBootConfiguration org.generation.webproject.WebprojectApplication for test class org.generation.webproject.WebprojectApplicationTests
2022-03-11 16:36:50.543  INFO 3608 --- [    Test worker] .b.t.c.SpringBootTestContextBootstrapper : Loaded default TestExecutionListener class names from location [META-INF/spring.factories]: [org.springframework.boot.test.autoconfigure.restdocs.RestDocsTestExecutionListener, org.springframework.boot.test.autoconfigure.web.client.MockRestServiceServerResetTestExecutionListener, org.springframework.boot.test.autoconfigure.web.servlet.MockMvcPrintOnlyOnFailureTestExecutionListener, org.springframework.boot.test.autoconfigure.web.servlet.WebDriverTestExecutionListener, org.springframework.boot.test.autoconfigure.webservices.client.MockWebServiceServerTestExecutionListener, org.springframework.boot.test.mock.mockito.MockitoTestExecutionListener, org.springframework.boot.test.mock.mockito.ResetMocksTestExecutionListener, org.springframework.test.context.web.ServletTestExecutionListener, org.springframework.test.context.support.DirtiesContextBeforeModesTestExecutionListener, org.springframework.test.context.event.ApplicationEventsTestExecutionListener, org.springframework.test.context.support.DependencyInjectionTestExecutionListener, org.springframework.test.context.support.DirtiesContextTestExecutionListener, org.springframework.test.context.transaction.TransactionalTestExecutionListener, org.springframework.test.context.jdbc.SqlScriptsTestExecutionListener, org.springframework.test.context.event.EventPublishingTestExecutionListener]
2022-03-11 16:36:50.544  INFO 3608 --- [    Test worker] .b.t.c.SpringBootTestContextBootstrapper : Using TestExecutionListeners: [org.springframework.test.context.web.ServletTestExecutionListener@3ad80206, org.springframework.test.context.support.DirtiesContextBeforeModesTestExecutionListener@2b4675db, org.springframework.test.context.event.ApplicationEventsTestExecutionListener@1737834, org.springframework.boot.test.mock.mockito.MockitoTestExecutionListener@58ec3e8b, org.springframework.boot.test.autoconfigure.SpringBootDependencyInjectionTestExecutionListener@22decfa2, org.springframework.test.context.support.DirtiesContextTestExecutionListener@3aae9e8f, org.springframework.test.context.transaction.TransactionalTestExecutionListener@2086f336, org.springframework.test.context.jdbc.SqlScriptsTestExecutionListener@19a799cb, org.springframework.test.context.event.EventPublishingTestExecutionListener@4d50f682, org.springframework.boot.test.autoconfigure.restdocs.RestDocsTestExecutionListener@3445341, org.springframework.boot.test.autoconfigure.web.client.MockRestServiceServerResetTestExecutionListener@14cc1f5c, org.springframework.boot.test.autoconfigure.web.servlet.MockMvcPrintOnlyOnFailureTestExecutionListener@3100b5cf, org.springframework.boot.test.autoconfigure.web.servlet.WebDriverTestExecutionListener@7baea18b, org.springframework.boot.test.autoconfigure.webservices.client.MockWebServiceServerTestExecutionListener@5ad13be4, org.springframework.boot.test.mock.mockito.ResetMocksTestExecutionListener@2e93f91d]
]]></system-out>
  <system-err><![CDATA[]]></system-err>
</testsuite>
